<?xml version="1.0" encoding="UTF-8"?>
<!-- Generated by org.testng.reporters.JUnitXMLReporter -->
<testsuite hostname="GS-5241" ignored="7" name="Default test" tests="1" failures="0" timestamp="2020-07-19T19:33:19 IST" time="37.41" errors="0">
  <testcase name="TC_validateLogin" time="13.336" classname="com.task.automation.test.SignIn"/>
  <testcase name="verifyLoginWithIncorrectC" time="0.0" classname="com.task.automation.test.SignIn">
    <ignored/>
  </testcase> <!-- verifyLoginWithIncorrectC -->
  <testcase name="TC_validateInvalidPasswordErrMsg" time="0.0" classname="com.task.automation.test.SignIn">
    <ignored/>
  </testcase> <!-- TC_validateInvalidPasswordErrMsg -->
  <testcase name="pracTestSelCom" time="0.0" classname="com.task.automation.test.SignIn">
    <ignored/>
  </testcase> <!-- pracTestSelCom -->
  <testcase name="weguipractice" time="0.0" classname="com.task.automation.test.SignIn">
    <ignored/>
  </testcase> <!-- weguipractice -->
  <testcase name="practicegrp3ui" time="0.0" classname="com.task.automation.test.SignIn">
    <ignored/>
  </testcase> <!-- practicegrp3ui -->
  <testcase name="TC_CreateUser" time="0.0" classname="com.task.automation.test.SignIn">
    <ignored/>
  </testcase> <!-- TC_CreateUser -->
  <testcase name="TC_validateInvalidUsernameErrMsg" time="0.0" classname="com.task.automation.test.SignIn">
    <ignored/>
  </testcase> <!-- TC_validateInvalidUsernameErrMsg -->
</testsuite> <!-- Default test -->
